2026-03-24T00:32:47.375029+00:00 [INFO] Starting benchmark sweep
2026-03-24T00:32:47.375076+00:00 [INFO] Quick check mode: False
2026-03-24T00:32:47.375109+00:00 [INFO] Quick check real mode: False
2026-03-24T00:32:47.375139+00:00 [INFO] Quick check real all mode: True
2026-03-24T00:32:47.375169+00:00 [INFO] Device: cpu | GPU: cpu-only
2026-03-24T00:32:47.375198+00:00 [INFO] Train dataset mode: imagefolder
2026-03-24T00:32:47.375225+00:00 [INFO] Validation dataset mode: real
2026-03-24T00:32:47.375252+00:00 [INFO] Real data dir: imagenet_subset/train
2026-03-24T00:32:47.375280+00:00 [INFO] Validation data dir: imagenet_subset/val
2026-03-24T00:32:47.375310+00:00 [INFO] Quick check real all uses all model/config combinations with tiny real subsets (train=10, val=10) and 1 warmup + 2 measured iterations
2026-03-24T00:32:47.375337+00:00 [INFO] Planned runs: 6
2026-03-24T00:32:47.375368+00:00 [INFO] Output CSV: outputs/run_004_baseline_quickcheck_real_all/metrics.csv
2026-03-24T00:32:47.375395+00:00 [INFO] Run plan JSON: outputs/run_004_baseline_quickcheck_real_all/run_plan.json
2026-03-24T00:32:47.375424+00:00 [INFO] Profiler dir: outputs/run_004_baseline_quickcheck_real_all/profiler
2026-03-24T00:32:47.375453+00:00 [INFO] GPU samples dir: outputs/run_004_baseline_quickcheck_real_all/gpu_samples
2026-03-24T00:32:47.375481+00:00 [INFO] Loss history dir: outputs/run_004_baseline_quickcheck_real_all/loss_history
2026-03-24T00:32:47.375507+00:00 [INFO] Status log: outputs/run_004_baseline_quickcheck_real_all/status.log
2026-03-24T00:32:47.375535+00:00 [INFO] Progress JSONL: outputs/run_004_baseline_quickcheck_real_all/progress.jsonl
2026-03-24T00:32:47.375561+00:00 [INFO] Run directory: outputs/run_004_baseline_quickcheck_real_all
2026-03-24T00:32:47.375589+00:00 
[SWEEP] 1/6
2026-03-24T00:32:47.614942+00:00 [INFO] Class check: train_classes=200, val_classes=200
2026-03-24T00:32:47.813707+00:00 
[RUN START] model=resnet50 batch_size=32 precision=fp32 train_dataset=imagefolder val_dataset=real device=cpu
2026-03-24T00:32:50.896702+00:00 [PROGRESS] step=3/3 measured=2/2 loss=0.0000 iter_s=0.4157 avg_s=0.4198 eta=00:00
2026-03-24T00:32:51.436900+00:00 [INFO] Starting validation pass
2026-03-24T00:32:53.371858+00:00 [INFO] Validation completed val_loss=170.2969 val_top1=0.00% val_top5=10.00%
2026-03-24T00:32:53.405126+00:00 [RUN END] model=resnet50 batch_size=32 precision=fp32 avg_iter_s=0.4198 images_per_s=76.23 peak_gpu_mem_mb=0.0 achieved_tflops=0.292 val_top1=0.00% val_top5=10.00%
2026-03-24T00:33:03.426235+00:00 
[SWEEP] 2/6
2026-03-24T00:33:03.716054+00:00 [INFO] Class check: train_classes=200, val_classes=200
2026-03-24T00:33:03.900427+00:00 
[RUN START] model=resnet50 batch_size=128 precision=fp32 train_dataset=imagefolder val_dataset=real device=cpu
2026-03-24T00:33:06.796941+00:00 [PROGRESS] step=3/3 measured=2/2 loss=0.0000 iter_s=0.4106 avg_s=0.4121 eta=00:00
2026-03-24T00:33:07.342113+00:00 [INFO] Starting validation pass
2026-03-24T00:33:09.214508+00:00 [INFO] Validation completed val_loss=176.5585 val_top1=0.00% val_top5=0.00%
2026-03-24T00:33:09.215061+00:00 [RUN END] model=resnet50 batch_size=128 precision=fp32 avg_iter_s=0.4121 images_per_s=310.60 peak_gpu_mem_mb=0.0 achieved_tflops=0.298 val_top1=0.00% val_top5=0.00%
2026-03-24T00:33:19.243064+00:00 
[SWEEP] 3/6
2026-03-24T00:33:19.544826+00:00 [INFO] Class check: train_classes=200, val_classes=200
2026-03-24T00:33:19.729193+00:00 
[RUN START] model=vit_b_16 batch_size=32 precision=fp32 train_dataset=imagefolder val_dataset=real device=cpu
2026-03-24T00:33:24.610776+00:00 [PROGRESS] step=3/3 measured=2/2 loss=0.0105 iter_s=1.0276 avg_s=1.0393 eta=00:00
2026-03-24T00:33:25.408999+00:00 [INFO] Starting validation pass
2026-03-24T00:33:27.575197+00:00 [INFO] Validation completed val_loss=14.5719 val_top1=0.00% val_top5=10.00%
2026-03-24T00:33:27.575920+00:00 [RUN END] model=vit_b_16 batch_size=32 precision=fp32 avg_iter_s=1.0393 images_per_s=30.79 peak_gpu_mem_mb=0.0 achieved_tflops=1.452 val_top1=0.00% val_top5=10.00%
2026-03-24T00:33:37.633000+00:00 
[SWEEP] 4/6
2026-03-24T00:33:37.880601+00:00 [INFO] Class check: train_classes=200, val_classes=200
2026-03-24T00:33:38.062793+00:00 
[RUN START] model=vit_b_16 batch_size=128 precision=fp32 train_dataset=imagefolder val_dataset=real device=cpu
2026-03-24T00:33:42.915523+00:00 [PROGRESS] step=3/3 measured=2/2 loss=0.0014 iter_s=1.0318 avg_s=1.0461 eta=00:00
2026-03-24T00:33:43.783031+00:00 [INFO] Starting validation pass
2026-03-24T00:33:45.915822+00:00 [INFO] Validation completed val_loss=13.2266 val_top1=0.00% val_top5=0.00%
2026-03-24T00:33:45.916530+00:00 [RUN END] model=vit_b_16 batch_size=128 precision=fp32 avg_iter_s=1.0461 images_per_s=122.36 peak_gpu_mem_mb=0.0 achieved_tflops=1.443 val_top1=0.00% val_top5=0.00%
2026-03-24T00:33:55.961583+00:00 
[SWEEP] 5/6
2026-03-24T00:33:56.288549+00:00 [INFO] Class check: train_classes=200, val_classes=200
2026-03-24T00:33:57.368550+00:00 
[RUN START] model=vgg16 batch_size=32 precision=fp32 train_dataset=imagefolder val_dataset=real device=cpu
2026-03-24T00:34:04.456519+00:00 [PROGRESS] step=3/3 measured=2/2 loss=4.5565 iter_s=1.7885 avg_s=1.6871 eta=00:00
2026-03-24T00:34:04.577538+00:00 [INFO] Starting validation pass
2026-03-24T00:34:07.282257+00:00 [INFO] Validation completed val_loss=6.4199 val_top1=0.00% val_top5=0.00%
2026-03-24T00:34:07.283021+00:00 [RUN END] model=vgg16 batch_size=32 precision=fp32 avg_iter_s=1.6871 images_per_s=18.97 peak_gpu_mem_mb=0.0 achieved_tflops=0.279 val_top1=0.00% val_top5=0.00%
2026-03-24T00:34:17.382870+00:00 
[SWEEP] 6/6
2026-03-24T00:34:17.682798+00:00 [INFO] Class check: train_classes=200, val_classes=200
2026-03-24T00:34:18.770023+00:00 
[RUN START] model=vgg16 batch_size=128 precision=fp32 train_dataset=imagefolder val_dataset=real device=cpu
2026-03-24T00:34:25.053304+00:00 [PROGRESS] step=3/3 measured=2/2 loss=3.2554 iter_s=1.3165 avg_s=1.3780 eta=00:00
2026-03-24T00:34:25.205050+00:00 [INFO] Starting validation pass
2026-03-24T00:34:27.990282+00:00 [INFO] Validation completed val_loss=69.3432 val_top1=0.00% val_top5=10.00%
2026-03-24T00:34:27.990947+00:00 [RUN END] model=vgg16 batch_size=128 precision=fp32 avg_iter_s=1.3780 images_per_s=92.89 peak_gpu_mem_mb=0.0 achieved_tflops=0.342 val_top1=0.00% val_top5=10.00%
2026-03-24T00:34:38.084576+00:00 
[SUMMARY] Sweep completed successfully with no failures.
2026-03-24T00:34:38.084965+00:00 [DONE] Metrics collection complete.
