2026-03-24T00:37:59.420914+00:00 [INFO] Starting benchmark sweep
2026-03-24T00:37:59.420986+00:00 [INFO] Quick check mode: False
2026-03-24T00:37:59.421031+00:00 [INFO] Quick check real mode: False
2026-03-24T00:37:59.421069+00:00 [INFO] Quick check real all mode: True
2026-03-24T00:37:59.421110+00:00 [INFO] Device: cpu | GPU: cpu-only
2026-03-24T00:37:59.421141+00:00 [INFO] Train dataset mode: imagefolder
2026-03-24T00:37:59.421175+00:00 [INFO] Validation dataset mode: real
2026-03-24T00:37:59.421209+00:00 [INFO] Real data dir: imagenet_subset/train
2026-03-24T00:37:59.421241+00:00 [INFO] Validation data dir: imagenet_subset/val
2026-03-24T00:37:59.421273+00:00 [INFO] Quick check real all uses all model/config combinations with tiny real subsets (train=10, val=10) and 1 warmup + 2 measured iterations
2026-03-24T00:37:59.421305+00:00 [INFO] Planned runs: 6
2026-03-24T00:37:59.421346+00:00 [INFO] Output CSV: outputs/run_005_baseline_quickcheck_real_all/metrics.csv
2026-03-24T00:37:59.421378+00:00 [INFO] Run plan JSON: outputs/run_005_baseline_quickcheck_real_all/run_plan.json
2026-03-24T00:37:59.421415+00:00 [INFO] Profiler dir: outputs/run_005_baseline_quickcheck_real_all/profiler
2026-03-24T00:37:59.421450+00:00 [INFO] GPU samples dir: outputs/run_005_baseline_quickcheck_real_all/gpu_samples
2026-03-24T00:37:59.421485+00:00 [INFO] Loss history dir: outputs/run_005_baseline_quickcheck_real_all/loss_history
2026-03-24T00:37:59.421514+00:00 [INFO] Status log: outputs/run_005_baseline_quickcheck_real_all/status.log
2026-03-24T00:37:59.421548+00:00 [INFO] Progress JSONL: outputs/run_005_baseline_quickcheck_real_all/progress.jsonl
2026-03-24T00:37:59.421579+00:00 [INFO] Run directory: outputs/run_005_baseline_quickcheck_real_all
2026-03-24T00:37:59.421611+00:00 
[SWEEP] 1/6
2026-03-24T00:37:59.667217+00:00 [INFO] Class check: train_classes=200, val_classes=200
2026-03-24T00:37:59.854884+00:00 
[RUN START] model=resnet50 batch_size=32 precision=fp32 train_dataset=imagefolder val_dataset=real device=cpu
2026-03-24T00:38:02.840152+00:00 [PROGRESS] step=3/3 measured=2/2 loss=0.0000 iter_s=0.4123 avg_s=0.4162 eta=00:00
2026-03-24T00:38:03.444560+00:00 [INFO] Starting validation pass
2026-03-24T00:38:05.281578+00:00 [INFO] Validation completed val_loss=170.2969 val_top1=0.00% val_top5=10.00%
2026-03-24T00:38:05.305695+00:00 [RUN END] model=resnet50 batch_size=32 precision=fp32 avg_iter_s=0.4162 images_per_s=76.89 peak_gpu_mem_mb=0.0 achieved_tflops=0.295 val_top1=0.00% val_top5=10.00%
2026-03-24T00:38:15.329527+00:00 
[SWEEP] 2/6
2026-03-24T00:38:15.632236+00:00 [INFO] Class check: train_classes=200, val_classes=200
2026-03-24T00:38:15.819236+00:00 
[RUN START] model=resnet50 batch_size=128 precision=fp32 train_dataset=imagefolder val_dataset=real device=cpu
2026-03-24T00:38:18.810390+00:00 [PROGRESS] step=3/3 measured=2/2 loss=0.0000 iter_s=0.4514 avg_s=0.4306 eta=00:00
2026-03-24T00:38:19.365603+00:00 [INFO] Starting validation pass
2026-03-24T00:38:21.274735+00:00 [INFO] Validation completed val_loss=176.5585 val_top1=0.00% val_top5=0.00%
2026-03-24T00:38:21.275211+00:00 [RUN END] model=resnet50 batch_size=128 precision=fp32 avg_iter_s=0.4306 images_per_s=297.26 peak_gpu_mem_mb=0.0 achieved_tflops=0.285 val_top1=0.00% val_top5=0.00%
2026-03-24T00:38:31.301515+00:00 
[SWEEP] 3/6
2026-03-24T00:38:31.599680+00:00 [INFO] Class check: train_classes=200, val_classes=200
2026-03-24T00:38:31.784266+00:00 
[RUN START] model=vit_b_16 batch_size=32 precision=fp32 train_dataset=imagefolder val_dataset=real device=cpu
2026-03-24T00:38:36.629528+00:00 [PROGRESS] step=3/3 measured=2/2 loss=0.0105 iter_s=1.0349 avg_s=1.0303 eta=00:00
2026-03-24T00:38:37.466199+00:00 [INFO] Starting validation pass
2026-03-24T00:38:39.655477+00:00 [INFO] Validation completed val_loss=14.5719 val_top1=0.00% val_top5=10.00%
2026-03-24T00:38:39.656164+00:00 [RUN END] model=vit_b_16 batch_size=32 precision=fp32 avg_iter_s=1.0303 images_per_s=31.06 peak_gpu_mem_mb=0.0 achieved_tflops=1.465 val_top1=0.00% val_top5=10.00%
2026-03-24T00:38:49.701885+00:00 
[SWEEP] 4/6
2026-03-24T00:38:49.972276+00:00 [INFO] Class check: train_classes=200, val_classes=200
2026-03-24T00:38:50.157590+00:00 
[RUN START] model=vit_b_16 batch_size=128 precision=fp32 train_dataset=imagefolder val_dataset=real device=cpu
2026-03-24T00:38:54.962282+00:00 [PROGRESS] step=3/3 measured=2/2 loss=0.0014 iter_s=1.0108 avg_s=1.0295 eta=00:00
2026-03-24T00:38:55.828393+00:00 [INFO] Starting validation pass
2026-03-24T00:38:57.964113+00:00 [INFO] Validation completed val_loss=13.2266 val_top1=0.00% val_top5=0.00%
2026-03-24T00:38:57.964798+00:00 [RUN END] model=vit_b_16 batch_size=128 precision=fp32 avg_iter_s=1.0295 images_per_s=124.33 peak_gpu_mem_mb=0.0 achieved_tflops=1.466 val_top1=0.00% val_top5=0.00%
2026-03-24T00:39:08.000320+00:00 
[SWEEP] 5/6
2026-03-24T00:39:08.314635+00:00 [INFO] Class check: train_classes=200, val_classes=200
2026-03-24T00:39:09.407274+00:00 
[RUN START] model=vgg16 batch_size=32 precision=fp32 train_dataset=imagefolder val_dataset=real device=cpu
2026-03-24T00:39:15.665049+00:00 [PROGRESS] step=3/3 measured=2/2 loss=4.5565 iter_s=1.2604 avg_s=1.3310 eta=00:00
2026-03-24T00:39:15.781899+00:00 [INFO] Starting validation pass
2026-03-24T00:39:18.177618+00:00 [INFO] Validation completed val_loss=6.4199 val_top1=0.00% val_top5=0.00%
2026-03-24T00:39:18.178328+00:00 [RUN END] model=vgg16 batch_size=32 precision=fp32 avg_iter_s=1.3310 images_per_s=24.04 peak_gpu_mem_mb=0.0 achieved_tflops=0.354 val_top1=0.00% val_top5=0.00%
2026-03-24T00:39:28.225273+00:00 
[SWEEP] 6/6
2026-03-24T00:39:28.532900+00:00 [INFO] Class check: train_classes=200, val_classes=200
2026-03-24T00:39:29.640612+00:00 
[RUN START] model=vgg16 batch_size=128 precision=fp32 train_dataset=imagefolder val_dataset=real device=cpu
2026-03-24T00:39:36.039832+00:00 [PROGRESS] step=3/3 measured=2/2 loss=3.2554 iter_s=1.4747 avg_s=1.5779 eta=00:00
2026-03-24T00:39:36.156431+00:00 [INFO] Starting validation pass
2026-03-24T00:39:39.104414+00:00 [INFO] Validation completed val_loss=69.3432 val_top1=0.00% val_top5=10.00%
2026-03-24T00:39:39.104989+00:00 [RUN END] model=vgg16 batch_size=128 precision=fp32 avg_iter_s=1.5779 images_per_s=81.12 peak_gpu_mem_mb=0.0 achieved_tflops=0.299 val_top1=0.00% val_top5=10.00%
2026-03-24T00:39:49.187031+00:00 
[SUMMARY] Sweep completed successfully with no failures.
2026-03-24T00:39:49.188107+00:00 [DONE] Metrics collection complete.
