2026-03-23T23:38:31.257494 [INFO] Starting benchmark sweep
2026-03-23T23:38:31.257550 [INFO] Quick check mode: True
2026-03-23T23:38:31.257586 [INFO] Single model override: resnet50
2026-03-23T23:38:31.257624 [INFO] Device: cpu | GPU: cpu-only
2026-03-23T23:38:31.257657 [INFO] Train dataset mode: fake
2026-03-23T23:38:31.257686 [INFO] Validation dataset mode: real
2026-03-23T23:38:31.257713 [INFO] Validation data dir: imagenet_subset/val
2026-03-23T23:38:31.257740 [INFO] Quick check uses tiny FakeData for training (size=256)
2026-03-23T23:38:31.257769 [INFO] Planned runs: 1
2026-03-23T23:38:31.257802 [INFO] Output CSV: outputs/run_001_baseline_quickcheck/metrics.csv
2026-03-23T23:38:31.257829 [INFO] Run plan JSON: outputs/run_001_baseline_quickcheck/run_plan.json
2026-03-23T23:38:31.257860 [INFO] Profiler dir: outputs/run_001_baseline_quickcheck/profiler
2026-03-23T23:38:31.257890 [INFO] GPU samples dir: outputs/run_001_baseline_quickcheck/gpu_samples
2026-03-23T23:38:31.257916 [INFO] Status log: outputs/run_001_baseline_quickcheck/status.log
2026-03-23T23:38:31.257946 [INFO] Progress JSONL: outputs/run_001_baseline_quickcheck/progress.jsonl
2026-03-23T23:38:31.257972 [INFO] Run directory: outputs/run_001_baseline_quickcheck
2026-03-23T23:38:31.257999 
[SWEEP] 1/1
2026-03-23T23:38:31.680341 
[RUN START] model=resnet50 batch_size=8 precision=fp32 train_dataset=fake val_dataset=real device=cpu
2026-03-23T23:38:36.601740 [PROGRESS] step=10/10 measured=8/8 loss=12.4634 iter_s=0.3348 avg_s=0.3400 eta=00:00
2026-03-23T23:38:38.493888 [INFO] Starting validation pass
2026-03-23T23:38:41.308160 [INFO] Validation completed val_loss=213.5418 val_top1=0.00% val_top5=0.00%
2026-03-23T23:38:41.355311 [RUN END] model=resnet50 batch_size=8 precision=fp32 avg_iter_s=0.3400 images_per_s=23.53 peak_gpu_mem_mb=0.0 achieved_tflops=0.241 val_top1=0.00% val_top5=0.00%
2026-03-23T23:39:01.377732 
[SUMMARY] Sweep completed successfully with no failures.
2026-03-23T23:39:01.378849 [DONE] Metrics collection complete.
