2026-03-23T23:49:04.500102+00:00 [INFO] Starting benchmark sweep
2026-03-23T23:49:04.500188+00:00 [INFO] Quick check mode: True
2026-03-23T23:49:04.500230+00:00 [INFO] Single model override: resnet50
2026-03-23T23:49:04.500267+00:00 [INFO] Device: cpu | GPU: cpu-only
2026-03-23T23:49:04.500297+00:00 [INFO] Train dataset mode: fake
2026-03-23T23:49:04.500325+00:00 [INFO] Validation dataset mode: real
2026-03-23T23:49:04.500352+00:00 [INFO] Validation data dir: imagenet_subset/val
2026-03-23T23:49:04.500379+00:00 [INFO] Quick check uses tiny FakeData for training (size=256)
2026-03-23T23:49:04.500407+00:00 [INFO] Planned runs: 1
2026-03-23T23:49:04.500461+00:00 [INFO] Output CSV: outputs/run_002_baseline_quickcheck/metrics.csv
2026-03-23T23:49:04.500505+00:00 [INFO] Run plan JSON: outputs/run_002_baseline_quickcheck/run_plan.json
2026-03-23T23:49:04.500545+00:00 [INFO] Profiler dir: outputs/run_002_baseline_quickcheck/profiler
2026-03-23T23:49:04.500581+00:00 [INFO] GPU samples dir: outputs/run_002_baseline_quickcheck/gpu_samples
2026-03-23T23:49:04.500615+00:00 [INFO] Loss history dir: outputs/run_002_baseline_quickcheck/loss_history
2026-03-23T23:49:04.500645+00:00 [INFO] Status log: outputs/run_002_baseline_quickcheck/status.log
2026-03-23T23:49:04.500677+00:00 [INFO] Progress JSONL: outputs/run_002_baseline_quickcheck/progress.jsonl
2026-03-23T23:49:04.500703+00:00 [INFO] Run directory: outputs/run_002_baseline_quickcheck
2026-03-23T23:49:04.500734+00:00 
[SWEEP] 1/1
2026-03-23T23:49:04.874078+00:00 
[RUN START] model=resnet50 batch_size=8 precision=fp32 train_dataset=fake val_dataset=real device=cpu
2026-03-23T23:49:09.585560+00:00 [PROGRESS] step=10/10 measured=8/8 loss=12.4634 iter_s=0.3367 avg_s=0.3410 eta=00:00
2026-03-23T23:49:11.461225+00:00 [INFO] Starting validation pass
2026-03-23T23:49:14.038156+00:00 [INFO] Validation completed val_loss=213.5418 val_top1=0.00% val_top5=0.00%
2026-03-23T23:49:14.076698+00:00 [RUN END] model=resnet50 batch_size=8 precision=fp32 avg_iter_s=0.3410 images_per_s=23.46 peak_gpu_mem_mb=0.0 achieved_tflops=0.240 val_top1=0.00% val_top5=0.00%
2026-03-23T23:49:34.092409+00:00 
[SUMMARY] Sweep completed successfully with no failures.
2026-03-23T23:49:34.092771+00:00 [DONE] Metrics collection complete.
